3248488:C 18 Aug 2024 17:28:36.506 # oO0OoO0OoO0Oo Redis is starting oO0OoO0OoO0Oo
3248488:C 18 Aug 2024 17:28:36.506 # Redis version=7.0.15, bits=64, commit=00000000, modified=0, pid=3248488, just started
3248488:C 18 Aug 2024 17:28:36.506 # Configuration loaded
3248488:M 18 Aug 2024 17:28:36.507 * monotonic clock: POSIX clock_gettime
3248488:M 18 Aug 2024 17:28:36.508 * No cluster configuration found, I'm f8ac94a36f55a558e551d3ef80d709f585388872
3248488:M 18 Aug 2024 17:28:36.511 * Running mode=cluster, port=9001.
3248488:M 18 Aug 2024 17:28:36.511 # Server initialized
3248488:M 18 Aug 2024 17:28:36.511 # WARNING Memory overcommit must be enabled! Without it, a background save or replication may fail under low memory condition. Being disabled, it can can also cause failures without low memory condition, see https://github.com/jemalloc/jemalloc/issues/1328. To fix this issue add 'vm.overcommit_memory = 1' to /etc/sysctl.conf and then reboot or run the command 'sysctl vm.overcommit_memory=1' for this to take effect.
3248488:M 18 Aug 2024 17:28:36.515 * Creating AOF base file appendonly-9001.aof.1.base.rdb on server start
3248488:M 18 Aug 2024 17:28:36.521 * Creating AOF incr file appendonly-9001.aof.1.incr.aof on server start
3248488:M 18 Aug 2024 17:28:36.521 * Ready to accept connections
3248488:M 18 Aug 2024 17:28:42.090 # configEpoch set to 1 via CLUSTER SET-CONFIG-EPOCH
3248488:M 18 Aug 2024 17:28:42.144 # IP address for this node updated to 127.0.0.1
3248488:M 18 Aug 2024 17:28:43.093 * Replica 127.0.0.1:9004 asks for synchronization
3248488:M 18 Aug 2024 17:28:43.093 * Partial resynchronization not accepted: Replication ID mismatch (Replica asked for 'c733678cd4a888b8b5fbf217923bb1b7ef1dc2ea', my replication IDs are '3cefbbfff9584eccc38cc33a79badacd269afcdc' and '0000000000000000000000000000000000000000')
3248488:M 18 Aug 2024 17:28:43.093 * Replication backlog created, my new replication IDs are '638ff40b3c928621a3d406ed869f18a9df8202d2' and '0000000000000000000000000000000000000000'
3248488:M 18 Aug 2024 17:28:43.093 * Delay next BGSAVE for diskless SYNC
3248488:M 18 Aug 2024 17:28:44.039 # Cluster state changed: ok
3248488:M 18 Aug 2024 17:28:48.553 * Starting BGSAVE for SYNC with target: replicas sockets
3248488:M 18 Aug 2024 17:28:48.553 * Background RDB transfer started by pid 3248654
3248654:C 18 Aug 2024 17:28:48.555 * Fork CoW for RDB: current 0 MB, peak 0 MB, average 0 MB
3248488:M 18 Aug 2024 17:28:48.555 # Diskless rdb transfer, done reading from pipe, 1 replicas still up.
3248488:M 18 Aug 2024 17:28:48.559 * Background RDB transfer terminated with success
3248488:M 18 Aug 2024 17:28:48.559 * Streamed RDB transfer with replica 127.0.0.1:9004 succeeded (socket). Waiting for REPLCONF ACK from slave to enable streaming
3248488:M 18 Aug 2024 17:28:48.559 * Synchronization with replica 127.0.0.1:9004 succeeded
