3248496:C 18 Aug 2024 17:28:36.523 # oO0OoO0OoO0Oo Redis is starting oO0OoO0OoO0Oo
3248496:C 18 Aug 2024 17:28:36.523 # Redis version=7.0.15, bits=64, commit=00000000, modified=0, pid=3248496, just started
3248496:C 18 Aug 2024 17:28:36.523 # Configuration loaded
3248496:M 18 Aug 2024 17:28:36.523 * monotonic clock: POSIX clock_gettime
3248496:M 18 Aug 2024 17:28:36.524 * No cluster configuration found, I'm 92290baf38c54e92af617e9191c24ce0f7b08c1d
3248496:M 18 Aug 2024 17:28:36.528 * Running mode=cluster, port=9003.
3248496:M 18 Aug 2024 17:28:36.528 # Server initialized
3248496:M 18 Aug 2024 17:28:36.528 # WARNING Memory overcommit must be enabled! Without it, a background save or replication may fail under low memory condition. Being disabled, it can can also cause failures without low memory condition, see https://github.com/jemalloc/jemalloc/issues/1328. To fix this issue add 'vm.overcommit_memory = 1' to /etc/sysctl.conf and then reboot or run the command 'sysctl vm.overcommit_memory=1' for this to take effect.
3248496:M 18 Aug 2024 17:28:36.536 * Creating AOF base file appendonly-9003.aof.1.base.rdb on server start
3248496:M 18 Aug 2024 17:28:36.543 * Creating AOF incr file appendonly-9003.aof.1.incr.aof on server start
3248496:M 18 Aug 2024 17:28:36.543 * Ready to accept connections
3248496:M 18 Aug 2024 17:28:42.091 # configEpoch set to 3 via CLUSTER SET-CONFIG-EPOCH
3248496:M 18 Aug 2024 17:28:42.233 # IP address for this node updated to 127.0.0.1
3248496:M 18 Aug 2024 17:28:43.094 * Replica 127.0.0.1:9006 asks for synchronization
3248496:M 18 Aug 2024 17:28:43.094 * Partial resynchronization not accepted: Replication ID mismatch (Replica asked for '68be49993c02f8d973c187eafe8c8cc9be36e874', my replication IDs are '116dbfeafed7a02801f6c8b7ae666e167173ee1d' and '0000000000000000000000000000000000000000')
3248496:M 18 Aug 2024 17:28:43.094 * Replication backlog created, my new replication IDs are 'a3edfb9294134b5010ade57f5749fd46d3d99003' and '0000000000000000000000000000000000000000'
3248496:M 18 Aug 2024 17:28:43.094 * Delay next BGSAVE for diskless SYNC
3248496:M 18 Aug 2024 17:28:44.058 # Cluster state changed: ok
3248496:M 18 Aug 2024 17:28:48.570 * Starting BGSAVE for SYNC with target: replicas sockets
3248496:M 18 Aug 2024 17:28:48.571 * Background RDB transfer started by pid 3248657
3248657:C 18 Aug 2024 17:28:48.572 * Fork CoW for RDB: current 0 MB, peak 0 MB, average 0 MB
3248496:M 18 Aug 2024 17:28:48.573 # Diskless rdb transfer, done reading from pipe, 1 replicas still up.
3248496:M 18 Aug 2024 17:28:48.578 * Background RDB transfer terminated with success
3248496:M 18 Aug 2024 17:28:48.578 * Streamed RDB transfer with replica 127.0.0.1:9006 succeeded (socket). Waiting for REPLCONF ACK from slave to enable streaming
3248496:M 18 Aug 2024 17:28:48.578 * Synchronization with replica 127.0.0.1:9006 succeeded
