3248506:C 18 Aug 2024 17:28:36.530 # oO0OoO0OoO0Oo Redis is starting oO0OoO0OoO0Oo
3248506:C 18 Aug 2024 17:28:36.530 # Redis version=7.0.15, bits=64, commit=00000000, modified=0, pid=3248506, just started
3248506:C 18 Aug 2024 17:28:36.530 # Configuration loaded
3248506:M 18 Aug 2024 17:28:36.531 * monotonic clock: POSIX clock_gettime
3248506:M 18 Aug 2024 17:28:36.533 * No cluster configuration found, I'm 6cdd93fddc249f40a0643b84e4772a1010401981
3248506:M 18 Aug 2024 17:28:36.536 * Running mode=cluster, port=9004.
3248506:M 18 Aug 2024 17:28:36.536 # Server initialized
3248506:M 18 Aug 2024 17:28:36.536 # WARNING Memory overcommit must be enabled! Without it, a background save or replication may fail under low memory condition. Being disabled, it can can also cause failures without low memory condition, see https://github.com/jemalloc/jemalloc/issues/1328. To fix this issue add 'vm.overcommit_memory = 1' to /etc/sysctl.conf and then reboot or run the command 'sysctl vm.overcommit_memory=1' for this to take effect.
3248506:M 18 Aug 2024 17:28:36.548 * Creating AOF base file appendonly-9004.aof.1.base.rdb on server start
3248506:M 18 Aug 2024 17:28:36.553 * Creating AOF incr file appendonly-9004.aof.1.incr.aof on server start
3248506:M 18 Aug 2024 17:28:36.553 * Ready to accept connections
3248506:M 18 Aug 2024 17:28:42.091 # configEpoch set to 4 via CLUSTER SET-CONFIG-EPOCH
3248506:M 18 Aug 2024 17:28:42.233 # IP address for this node updated to 127.0.0.1
3248506:S 18 Aug 2024 17:28:43.093 * Before turning into a replica, using my own master parameters to synthesize a cached master: I may be able to synchronize with the new master with just a partial transfer.
3248506:S 18 Aug 2024 17:28:43.093 * Connecting to MASTER 127.0.0.1:9001
3248506:S 18 Aug 2024 17:28:43.093 * MASTER <-> REPLICA sync started
3248506:S 18 Aug 2024 17:28:43.093 # Cluster state changed: ok
3248506:S 18 Aug 2024 17:28:43.093 * Non blocking connect for SYNC fired the event.
3248506:S 18 Aug 2024 17:28:43.093 * Master replied to PING, replication can continue...
3248506:S 18 Aug 2024 17:28:43.093 * Trying a partial resynchronization (request c733678cd4a888b8b5fbf217923bb1b7ef1dc2ea:1).
3248506:S 18 Aug 2024 17:28:48.553 * Full resync from master: 638ff40b3c928621a3d406ed869f18a9df8202d2:14
3248506:S 18 Aug 2024 17:28:48.554 * MASTER <-> REPLICA sync: receiving streamed RDB from master with EOF to disk
3248506:S 18 Aug 2024 17:28:48.554 * Discarding previously cached master state.
3248506:S 18 Aug 2024 17:28:48.554 * MASTER <-> REPLICA sync: Flushing old data
3248506:S 18 Aug 2024 17:28:48.554 * MASTER <-> REPLICA sync: Loading DB in memory
3248506:S 18 Aug 2024 17:28:48.559 * Loading RDB produced by version 7.0.15
3248506:S 18 Aug 2024 17:28:48.559 * RDB age 0 seconds
3248506:S 18 Aug 2024 17:28:48.559 * RDB memory usage when created 1.77 Mb
3248506:S 18 Aug 2024 17:28:48.559 * Done loading RDB, keys loaded: 0, keys expired: 0.
3248506:S 18 Aug 2024 17:28:48.559 * MASTER <-> REPLICA sync: Finished with success
3248506:S 18 Aug 2024 17:28:48.559 * Creating AOF incr file temp-appendonly-9004.aof.incr on background rewrite
3248506:S 18 Aug 2024 17:28:48.559 * Background append only file rewriting started by pid 3248655
3248655:C 18 Aug 2024 17:28:48.562 * Successfully created the temporary AOF base file temp-rewriteaof-bg-3248655.aof
3248655:C 18 Aug 2024 17:28:48.563 * Fork CoW for AOF rewrite: current 0 MB, peak 0 MB, average 0 MB
3248506:S 18 Aug 2024 17:28:48.584 * Background AOF rewrite terminated with success
3248506:S 18 Aug 2024 17:28:48.584 * Successfully renamed the temporary AOF base file temp-rewriteaof-bg-3248655.aof into appendonly-9004.aof.2.base.rdb
3248506:S 18 Aug 2024 17:28:48.584 * Successfully renamed the temporary AOF incr file temp-appendonly-9004.aof.incr into appendonly-9004.aof.2.incr.aof
3248506:S 18 Aug 2024 17:28:48.589 * Removing the history file appendonly-9004.aof.1.incr.aof in the background
3248506:S 18 Aug 2024 17:28:48.590 * Removing the history file appendonly-9004.aof.1.base.rdb in the background
3248506:S 18 Aug 2024 17:28:48.596 * Background AOF rewrite finished successfully
