3248511:C 18 Aug 2024 17:28:36.540 # oO0OoO0OoO0Oo Redis is starting oO0OoO0OoO0Oo
3248511:C 18 Aug 2024 17:28:36.540 # Redis version=7.0.15, bits=64, commit=00000000, modified=0, pid=3248511, just started
3248511:C 18 Aug 2024 17:28:36.540 # Configuration loaded
3248511:M 18 Aug 2024 17:28:36.540 * monotonic clock: POSIX clock_gettime
3248511:M 18 Aug 2024 17:28:36.540 * No cluster configuration found, I'm 2a7bcdac16326aa33bf4713dd2213261fd8cd370
3248511:M 18 Aug 2024 17:28:36.544 * Running mode=cluster, port=9005.
3248511:M 18 Aug 2024 17:28:36.544 # Server initialized
3248511:M 18 Aug 2024 17:28:36.544 # WARNING Memory overcommit must be enabled! Without it, a background save or replication may fail under low memory condition. Being disabled, it can can also cause failures without low memory condition, see https://github.com/jemalloc/jemalloc/issues/1328. To fix this issue add 'vm.overcommit_memory = 1' to /etc/sysctl.conf and then reboot or run the command 'sysctl vm.overcommit_memory=1' for this to take effect.
3248511:M 18 Aug 2024 17:28:36.551 * Creating AOF base file appendonly-9005.aof.1.base.rdb on server start
3248511:M 18 Aug 2024 17:28:36.555 * Creating AOF incr file appendonly-9005.aof.1.incr.aof on server start
3248511:M 18 Aug 2024 17:28:36.555 * Ready to accept connections
3248511:M 18 Aug 2024 17:28:42.091 # configEpoch set to 5 via CLUSTER SET-CONFIG-EPOCH
3248511:M 18 Aug 2024 17:28:42.233 # IP address for this node updated to 127.0.0.1
3248511:S 18 Aug 2024 17:28:43.093 * Before turning into a replica, using my own master parameters to synthesize a cached master: I may be able to synchronize with the new master with just a partial transfer.
3248511:S 18 Aug 2024 17:28:43.093 * Connecting to MASTER 127.0.0.1:9002
3248511:S 18 Aug 2024 17:28:43.093 * MASTER <-> REPLICA sync started
3248511:S 18 Aug 2024 17:28:43.093 # Cluster state changed: ok
3248511:S 18 Aug 2024 17:28:43.093 * Non blocking connect for SYNC fired the event.
3248511:S 18 Aug 2024 17:28:43.093 * Master replied to PING, replication can continue...
3248511:S 18 Aug 2024 17:28:43.093 * Trying a partial resynchronization (request 686f8dbc16f51745ee28487fbd9c1ed5739e6fa0:1).
3248511:S 18 Aug 2024 17:28:48.567 * Full resync from master: 8615fdcdc30798d6354ef14b8a829519de8fa4e4:14
3248511:S 18 Aug 2024 17:28:48.568 * MASTER <-> REPLICA sync: receiving streamed RDB from master with EOF to disk
3248511:S 18 Aug 2024 17:28:48.568 * Discarding previously cached master state.
3248511:S 18 Aug 2024 17:28:48.568 * MASTER <-> REPLICA sync: Flushing old data
3248511:S 18 Aug 2024 17:28:48.568 * MASTER <-> REPLICA sync: Loading DB in memory
3248511:S 18 Aug 2024 17:28:48.573 * Loading RDB produced by version 7.0.15
3248511:S 18 Aug 2024 17:28:48.573 * RDB age 0 seconds
3248511:S 18 Aug 2024 17:28:48.573 * RDB memory usage when created 1.80 Mb
3248511:S 18 Aug 2024 17:28:48.573 * Done loading RDB, keys loaded: 0, keys expired: 0.
3248511:S 18 Aug 2024 17:28:48.573 * MASTER <-> REPLICA sync: Finished with success
3248511:S 18 Aug 2024 17:28:48.573 * Creating AOF incr file temp-appendonly-9005.aof.incr on background rewrite
3248511:S 18 Aug 2024 17:28:48.574 * Background append only file rewriting started by pid 3248658
3248658:C 18 Aug 2024 17:28:48.579 * Successfully created the temporary AOF base file temp-rewriteaof-bg-3248658.aof
3248658:C 18 Aug 2024 17:28:48.580 * Fork CoW for AOF rewrite: current 0 MB, peak 0 MB, average 0 MB
3248511:S 18 Aug 2024 17:28:48.586 * Background AOF rewrite terminated with success
3248511:S 18 Aug 2024 17:28:48.586 * Successfully renamed the temporary AOF base file temp-rewriteaof-bg-3248658.aof into appendonly-9005.aof.2.base.rdb
3248511:S 18 Aug 2024 17:28:48.587 * Successfully renamed the temporary AOF incr file temp-appendonly-9005.aof.incr into appendonly-9005.aof.2.incr.aof
3248511:S 18 Aug 2024 17:28:48.595 * Removing the history file appendonly-9005.aof.1.incr.aof in the background
3248511:S 18 Aug 2024 17:28:48.595 * Removing the history file appendonly-9005.aof.1.base.rdb in the background
3248511:S 18 Aug 2024 17:28:48.601 * Background AOF rewrite finished successfully
