3248514:C 18 Aug 2024 17:28:36.544 # oO0OoO0OoO0Oo Redis is starting oO0OoO0OoO0Oo
3248514:C 18 Aug 2024 17:28:36.544 # Redis version=7.0.15, bits=64, commit=00000000, modified=0, pid=3248514, just started
3248514:C 18 Aug 2024 17:28:36.544 # Configuration loaded
3248514:M 18 Aug 2024 17:28:36.545 * monotonic clock: POSIX clock_gettime
3248514:M 18 Aug 2024 17:28:36.546 * No cluster configuration found, I'm 10f979dd1b0338ccff9ab36508973a46f64f93f8
3248514:M 18 Aug 2024 17:28:36.552 * Running mode=cluster, port=9006.
3248514:M 18 Aug 2024 17:28:36.552 # Server initialized
3248514:M 18 Aug 2024 17:28:36.552 # WARNING Memory overcommit must be enabled! Without it, a background save or replication may fail under low memory condition. Being disabled, it can can also cause failures without low memory condition, see https://github.com/jemalloc/jemalloc/issues/1328. To fix this issue add 'vm.overcommit_memory = 1' to /etc/sysctl.conf and then reboot or run the command 'sysctl vm.overcommit_memory=1' for this to take effect.
3248514:M 18 Aug 2024 17:28:36.557 * Creating AOF base file appendonly-9006.aof.1.base.rdb on server start
3248514:M 18 Aug 2024 17:28:36.562 * Creating AOF incr file appendonly-9006.aof.1.incr.aof on server start
3248514:M 18 Aug 2024 17:28:36.562 * Ready to accept connections
3248514:M 18 Aug 2024 17:28:42.091 # configEpoch set to 6 via CLUSTER SET-CONFIG-EPOCH
3248514:M 18 Aug 2024 17:28:42.233 # IP address for this node updated to 127.0.0.1
3248514:S 18 Aug 2024 17:28:43.093 * Before turning into a replica, using my own master parameters to synthesize a cached master: I may be able to synchronize with the new master with just a partial transfer.
3248514:S 18 Aug 2024 17:28:43.093 * Connecting to MASTER 127.0.0.1:9003
3248514:S 18 Aug 2024 17:28:43.093 * MASTER <-> REPLICA sync started
3248514:S 18 Aug 2024 17:28:43.093 # Cluster state changed: ok
3248514:S 18 Aug 2024 17:28:43.093 * Non blocking connect for SYNC fired the event.
3248514:S 18 Aug 2024 17:28:43.093 * Master replied to PING, replication can continue...
3248514:S 18 Aug 2024 17:28:43.094 * Trying a partial resynchronization (request 68be49993c02f8d973c187eafe8c8cc9be36e874:1).
3248514:S 18 Aug 2024 17:28:48.571 * Full resync from master: a3edfb9294134b5010ade57f5749fd46d3d99003:14
3248514:S 18 Aug 2024 17:28:48.572 * MASTER <-> REPLICA sync: receiving streamed RDB from master with EOF to disk
3248514:S 18 Aug 2024 17:28:48.572 * Discarding previously cached master state.
3248514:S 18 Aug 2024 17:28:48.572 * MASTER <-> REPLICA sync: Flushing old data
3248514:S 18 Aug 2024 17:28:48.572 * MASTER <-> REPLICA sync: Loading DB in memory
3248514:S 18 Aug 2024 17:28:48.577 * Loading RDB produced by version 7.0.15
3248514:S 18 Aug 2024 17:28:48.577 * RDB age 0 seconds
3248514:S 18 Aug 2024 17:28:48.577 * RDB memory usage when created 1.78 Mb
3248514:S 18 Aug 2024 17:28:48.577 * Done loading RDB, keys loaded: 0, keys expired: 0.
3248514:S 18 Aug 2024 17:28:48.577 * MASTER <-> REPLICA sync: Finished with success
3248514:S 18 Aug 2024 17:28:48.577 * Creating AOF incr file temp-appendonly-9006.aof.incr on background rewrite
3248514:S 18 Aug 2024 17:28:48.578 * Background append only file rewriting started by pid 3248659
3248659:C 18 Aug 2024 17:28:48.581 * Successfully created the temporary AOF base file temp-rewriteaof-bg-3248659.aof
3248659:C 18 Aug 2024 17:28:48.582 * Fork CoW for AOF rewrite: current 0 MB, peak 0 MB, average 0 MB
3248514:S 18 Aug 2024 17:28:48.588 * Background AOF rewrite terminated with success
3248514:S 18 Aug 2024 17:28:48.588 * Successfully renamed the temporary AOF base file temp-rewriteaof-bg-3248659.aof into appendonly-9006.aof.2.base.rdb
3248514:S 18 Aug 2024 17:28:48.588 * Successfully renamed the temporary AOF incr file temp-appendonly-9006.aof.incr into appendonly-9006.aof.2.incr.aof
3248514:S 18 Aug 2024 17:28:48.596 * Removing the history file appendonly-9006.aof.1.incr.aof in the background
3248514:S 18 Aug 2024 17:28:48.596 * Removing the history file appendonly-9006.aof.1.base.rdb in the background
3248514:S 18 Aug 2024 17:28:48.603 * Background AOF rewrite finished successfully
